SQL> -- ---------------------------------------------------------------
SQL> --
SQL> -- Name: <Jake Miller>
SQL> --
SQL> -- ------------------------------------------------------------
SQL> -- NULL AND SUBSTRINGS -------------------------------
SQL> --
SQL> /*(10A)
SQL> Find the ssn and last name of every employee who doesn't have a  supervisor, or his last name contains at least two occurences of the letter 'a'. Sort the results by ssn.
SQL> */
SQL> SELECT E.ssn, E.lname
  2  FROM employee E
  3  WHERE E.super_ssn IS NULL OR
  4  	     (E.lname LIKE '%a%' AND
  5  		     E.lname LIKE '%a%')
  6  ORDER BY E.ssn;

SSN       LNAME                                                                 
--------- ---------------                                                       
666884444 Narayan                                                               
888665555 Borg                                                                  
987654321 Wallace                                                               
987987987 Jabbar                                                                
999887777 Zelaya                                                                

SQL> --
SQL> -- JOINING 3 TABLES ------------------------------
SQL> --
SQL> /*(11A)
SQL> For every employee who works more than 30 hours on any project: Find the ssn, lname, project number, project name, and numer of hours. Sort the results by ssn.
SQL> */
SQL> SELECT E.ssn, E.lname, W.pno, P.pname, W.hours
  2  FROM employee E, works_on W, project P
  3  WHERE E.ssn = W.essn AND
  4  	     P.pnumber = W.pno AND
  5  		     W.hours > 30
  6  ORDER BY E.ssn;

SSN       LNAME                  PNO PNAME                HOURS                 
--------- --------------- ---------- --------------- ----------                 
123456789 Smith                    1 ProductX              32.5                 
666884444 Narayan                  3 ProductZ                40                 
987987987 Jabbar                  10 Computerization         35                 

SQL> --
SQL> -- JOINING 3 TABLES ---------------------------
SQL> --
SQL> /*(12A)
SQL> Write a query that consists of one block only.
SQL> For every employee who works on a project that is not controlled by the department he works for: Find the employee's lname, the department he works for, the project number that he works on, and the number of the department that controls that project. Sort the results by lname.
SQL> */
SQL> SELECT e.lname, e.dno, w.pno, p.dnum
  2  FROM employee e, project p, works_on w
  3  WHERE e.dno != p.dnum AND
  4  	     e.ssn = w.essn AND
  5  		     p.pnumber = w.pno
  6  ORDER BY e.lname;

LNAME                  DNO        PNO       DNUM                                
--------------- ---------- ---------- ----------                                
Wallace                  4         20          1                                
Wong                     5         20          1                                
Wong                     5         10          4                                

SQL> 
SQL> --
SQL> -- JOINING 4 TABLES -------------------------
SQL> --
SQL> /*(13A)
SQL> For every employee who works for more than 20 hours on any project that is located in the same location as his department: Find the ssn, lname, project number, project location, department number, and department location.Sort the results by lname
SQL> */
SQL> SELECT e.ssn, e.lname, w.pno, p.plocation, dl.dnumber, dl.dlocation
  2  FROM employee e, works_on w, project p, dept_locations dl
  3  WHERE e.ssn = w.essn AND
  4  	     w.pno = p.pnumber AND
  5  		     e.dno = dl.dnumber AND
  6  			     w.hours > 20 AND
  7  				     p.plocation = dl.dlocation
  8  ORDER BY e.lname;

SSN       LNAME                  PNO PLOCATION          DNUMBER DLOCATION       
--------- --------------- ---------- --------------- ---------- --------------- 
987987987 Jabbar                  10 Stafford                 4 Stafford        
666884444 Narayan                  3 Houston                  5 Houston         
123456789 Smith                    1 Bellaire                 5 Bellaire        
999887777 Zelaya                  30 Stafford                 4 Stafford        

SQL> 
SQL> -- SELF JOIN -------------------------------------------
SQL> --
SQL> /*(14A)
SQL> Write a query that consists of one block only.
SQL> For every employee whose salary is less than 70% of his immediate supervisor's salary: Find his ssn, lname, salary; and his supervisor's ssn, lname, and salary. Sort the results by ssn.
SQL> */
SQL> SELECT e1.ssn, e1.lname, e1.salary, e2.ssn, e2.lname, e2.salary
  2  FROM employee e1, employee e2
  3  WHERE e1.super_ssn = e2.ssn AND
  4  	     e1.salary < (e2.salary * .7)
  5  ORDER BY e1.ssn;

SSN       LNAME               SALARY SSN       LNAME               SALARY       
--------- --------------- ---------- --------- --------------- ----------       
453453453 English              25000 333445555 Wong                 40000       
987987987 Jabbar               25000 987654321 Wallace              43000       
999887777 Zelaya               25000 987654321 Wallace              43000       

SQL> --
SQL> -- USING MORE THAN ONE RANGE VARIABLE ON ONE TABLE -------------------
SQL> --
SQL> /*(15A)
SQL> For projects located in Houston: Find pairs of last names such that the two employees in the pair work on the same project. Remove duplicates. Sort the result by the lname in the left column in the result.
SQL> */
SQL> SELECT distinct e1.lname, e2.lname
  2  FROM employee e1, employee e2, works_on w1, project p, works_on w2
  3  WHERE e1.ssn = w1.essn AND
  4  	     e2.ssn = w2.essn AND
  5  	     e1.ssn < e2.ssn AND
  6  	     w1.pno = w2.pno AND
  7  	     w1.pno = p.pnumber AND
  8  	     p.plocation = 'Houston'
  9  ORDER BY e1.lname;

LNAME           LNAME                                                           
--------------- ---------------                                                 
Borg            Wallace                                                         
Wong            Borg                                                            
Wong            Narayan                                                         
Wong            Wallace                                                         

SQL> 
SQL> --
SQL> ------------------------------------
SQL> --
SQL> /*(16A) Hint: A NULL in the hours column should be considered as zero hours.
SQL> Find the ssn, lname, and the total number of hours worked on projects for every employee whose total is less than 40 hours. Sort the result by lname
SQL> */
SQL> SELECT e.ssn, e.lname, SUM(w.hours)
  2  FROM employee e, works_on w
  3  WHERE w.essn = e.ssn
  4  GROUP BY e.ssn, e.lname
  5  HAVING SUM(w.hours) < 40.0 OR
  6  	     SUM(w.hours) IS NULL
  7  ORDER BY e.lname;

SSN       LNAME           SUM(W.HOURS)                                          
--------- --------------- ------------                                          
888665555 Borg                                                                  
987654321 Wallace                   35                                          

SQL> --
SQL> ------------------------------------
SQL> --
SQL> /*(17A)
SQL> For every project that has more than 2 employees working on it: Find the project number, project name, number of employees working on it, and the total number of hours worked by all employees on that project. Sort the results by project number.
SQL> */
SQL> SELECT p.pnumber, p.pname, COUNT(*), SUM(w.hours)
  2  FROM project p, works_on w
  3  WHERE w.pno = p.pnumber
  4  GROUP BY p.pnumber, p.pname
  5  HAVING COUNT(*)>2
  6  ORDER BY p.pnumber;

   PNUMBER PNAME             COUNT(*) SUM(W.HOURS)                              
---------- --------------- ---------- ------------                              
         2 ProductY                 3         37.5                              
        10 Computerization          3           55                              
        20 Reorganization           3           25                              
        30 Newbenefits              3           55                              

SQL> --
SQL> -- CORRELATED SUBQUERY --------------------------------
SQL> --
SQL> /*(18A)
SQL> For every employee who has the highest salary in his department: Find the dno, ssn, lname, and salary . Sort the results by department number.
SQL> */
SQL> SELECT e.dno, e.ssn, e.lname, e.salary
  2  FROM employee e
  3  WHERE e.salary = (SELECT MAX(e2.salary)
  4  	     FROM employee e2
  5  	     WHERE e.dno = e2.dno)
  6  ORDER BY e.dno;

       DNO SSN       LNAME               SALARY                                 
---------- --------- --------------- ----------                                 
         1 888665555 Borg                 55000                                 
         4 987654321 Wallace              43000                                 
         5 333445555 Wong                 40000                                 

SQL> --
SQL> -- NON-CORRELATED SUBQUERY -------------------------------
SQL> --
SQL> /*(19A)
SQL> For every employee who does not work on any project that is located in Houston: Find the ssn and lname. Sort the results by lname
SQL> */
SQL> SELECT e.ssn, e.lname
  2  FROM employee e, works_on w
  3  WHERE w.essn = e.ssn AND
  4  	     w.pno NOT IN (SELECT p.pnumber
  5  		     FROM project p
  6  		     Where p.plocation = 'Houston')
  7  	     GROUP BY e.ssn, e.lname
  8  ORDER BY e.lname;

SSN       LNAME                                                                 
--------- ---------------                                                       
453453453 English                                                               
987987987 Jabbar                                                                
123456789 Smith                                                                 
987654321 Wallace                                                               
333445555 Wong                                                                  
999887777 Zelaya                                                                

6 rows selected.

SQL> --
SQL> -- DIVISION ---------------------------------------------
SQL> --
SQL> /*(20A) Hint: This is a DIVISION query
SQL> For every employee who works on every project that is located in Stafford: Find the ssn and lname. Sort the results by lname
SQL> */
SQL> SELECT e.ssn, e.lname
  2  FROM employee e
  3  WHERE NOT EXISTS((SELECT p.pnumber
  4  	     FROM project p
  5  	     WHERE p.plocation = 'Stafford')
  6  	     MINUS
  7  	     (SELECT p.pnumber
  8  	     FROM works_on w, project p
  9  	     where w.essn = e.ssn AND
 10  		     w.pno = p.pnumber AND
 11  			     p.plocation = 'Stafford'))
 12  ORDER BY e.lname;

SSN       LNAME                                                                 
--------- ---------------                                                       
987987987 Jabbar                                                                
999887777 Zelaya                                                                

SQL> --
SQL> SET ECHO OFF
